<?xml version="1.0" encoding="UTF-8"?>
<testng-results ignored="0" total="1" passed="1" failed="0" skipped="0">
  <reporter-output>
  </reporter-output>
  <suite started-at="2025-01-03T12:07:45 IST" name="Default suite" finished-at="2025-01-03T12:07:52 IST" duration-ms="6872">
    <groups>
    </groups>
    <test started-at="2025-01-03T12:07:45 IST" name="Default test" finished-at="2025-01-03T12:07:52 IST" duration-ms="6872">
      <class name="demopage.LoginTest">
        <test-method is-config="true" signature="test()[pri:0, instance:demopage.LoginTest@77888435]" started-at="2025-01-03T12:07:45 IST" name="test" finished-at="2025-01-03T12:07:50 IST" duration-ms="4535" status="PASS">
          <reporter-output>
          </reporter-output>
        </test-method> <!-- test -->
        <test-method signature="config()[pri:0, instance:demopage.LoginTest@77888435]" started-at="2025-01-03T12:07:50 IST" name="config" finished-at="2025-01-03T12:07:52 IST" duration-ms="2280" status="PASS">
          <reporter-output>
          </reporter-output>
        </test-method> <!-- config -->
      </class> <!-- demopage.LoginTest -->
    </test> <!-- Default test -->
  </suite> <!-- Default suite -->
</testng-results>
