<?xml version="1.0" encoding="UTF-8"?>
<testng-results ignored="0" total="1" passed="1" failed="0" skipped="0">
  <reporter-output>
  </reporter-output>
  <suite started-at="2025-01-27T11:35:17 IST" name="Default suite" finished-at="2025-01-27T11:35:27 IST" duration-ms="9256">
    <groups>
    </groups>
    <test started-at="2025-01-27T11:35:17 IST" name="Default test" finished-at="2025-01-27T11:35:27 IST" duration-ms="9256">
      <class name="org.facebook.LoginTest">
        <test-method is-config="true" signature="setUp()[pri:0, instance:org.facebook.LoginTest@2d1ef81a]" started-at="2025-01-27T11:35:17 IST" name="setUp" finished-at="2025-01-27T11:35:25 IST" duration-ms="7701" status="PASS">
          <reporter-output>
          </reporter-output>
        </test-method> <!-- setUp -->
        <test-method signature="UserBoxtestcase()[pri:0, instance:org.facebook.LoginTest@2d1ef81a]" started-at="2025-01-27T11:35:25 IST" name="UserBoxtestcase" finished-at="2025-01-27T11:35:27 IST" duration-ms="1500" status="PASS">
          <reporter-output>
          </reporter-output>
        </test-method> <!-- UserBoxtestcase -->
      </class> <!-- org.facebook.LoginTest -->
    </test> <!-- Default test -->
  </suite> <!-- Default suite -->
</testng-results>
