<?xml version="1.0" encoding="UTF-8"?>
<testng-results ignored="0" total="1" passed="1" failed="0" skipped="0">
  <reporter-output>
  </reporter-output>
  <suite started-at="2025-02-04T22:02:07 IST" name="Default suite" finished-at="2025-02-04T22:02:52 IST" duration-ms="44526">
    <groups>
    </groups>
    <test started-at="2025-02-04T22:02:07 IST" name="Default test" finished-at="2025-02-04T22:02:52 IST" duration-ms="44526">
      <class name="TestCase.HomePageTest">
        <test-method is-config="true" signature="test()[pri:0, instance:TestCase.HomePageTest@77888435]" started-at="2025-02-04T22:02:07 IST" name="test" finished-at="2025-02-04T22:02:22 IST" duration-ms="14143" status="PASS">
          <reporter-output>
          </reporter-output>
        </test-method> <!-- test -->
        <test-method signature="config()[pri:0, instance:TestCase.HomePageTest@77888435]" started-at="2025-02-04T22:02:22 IST" name="config" finished-at="2025-02-04T22:02:52 IST" duration-ms="30281" status="PASS">
          <reporter-output>
          </reporter-output>
        </test-method> <!-- config -->
      </class> <!-- TestCase.HomePageTest -->
    </test> <!-- Default test -->
  </suite> <!-- Default suite -->
</testng-results>
